{"F:\\Projects\\confetch\\custom-fetch.js": {"path":"F:\\Projects\\confetch\\custom-fetch.js","statementMap":{"0":{"start":{"line":2,"column":0},"end":{"line":10,"column":1}},"1":{"start":{"line":4,"column":2},"end":{"line":4,"column":41}},"2":{"start":{"line":5,"column":2},"end":{"line":5,"column":47}},"3":{"start":{"line":8,"column":2},"end":{"line":8,"column":26}},"4":{"start":{"line":9,"column":2},"end":{"line":9,"column":42}},"5":{"start":{"line":16,"column":20},"end":{"line":81,"column":1}},"6":{"start":{"line":17,"column":2},"end":{"line":80,"column":3}},"7":{"start":{"line":30,"column":8},"end":{"line":30,"column":18}},"8":{"start":{"line":31,"column":60},"end":{"line":31,"column":72}},"9":{"start":{"line":34,"column":4},"end":{"line":35,"column":84}},"10":{"start":{"line":35,"column":6},"end":{"line":35,"column":84}},"11":{"start":{"line":37,"column":25},"end":{"line":47,"column":5}},"12":{"start":{"line":50,"column":30},"end":{"line":50,"column":32}},"13":{"start":{"line":53,"column":4},"end":{"line":53,"column":56}},"14":{"start":{"line":54,"column":4},"end":{"line":54,"column":61}},"15":{"start":{"line":57,"column":4},"end":{"line":57,"column":62}},"16":{"start":{"line":60,"column":4},"end":{"line":60,"column":36}},"17":{"start":{"line":61,"column":4},"end":{"line":66,"column":8}},"18":{"start":{"line":62,"column":6},"end":{"line":66,"column":8}},"19":{"start":{"line":63,"column":8},"end":{"line":63,"column":78}},"20":{"start":{"line":63,"column":39},"end":{"line":63,"column":78}},"21":{"start":{"line":64,"column":8},"end":{"line":64,"column":94}},"22":{"start":{"line":64,"column":58},"end":{"line":64,"column":94}},"23":{"start":{"line":65,"column":8},"end":{"line":65,"column":60}},"24":{"start":{"line":69,"column":4},"end":{"line":74,"column":5}},"25":{"start":{"line":70,"column":6},"end":{"line":72,"column":25}},"26":{"start":{"line":71,"column":8},"end":{"line":71,"column":44}},"27":{"start":{"line":73,"column":6},"end":{"line":73,"column":52}},"28":{"start":{"line":76,"column":4},"end":{"line":76,"column":28}},"29":{"start":{"line":78,"column":4},"end":{"line":78,"column":32}},"30":{"start":{"line":79,"column":4},"end":{"line":79,"column":66}},"31":{"start":{"line":83,"column":0},"end":{"line":83,"column":28}}},"fnMap":{"0":{"name":"(anonymous_0)","decl":{"start":{"line":16,"column":20},"end":{"line":16,"column":21}},"loc":{"start":{"line":16,"column":41},"end":{"line":81,"column":1}},"line":16},"1":{"name":"(anonymous_1)","decl":{"start":{"line":61,"column":30},"end":{"line":61,"column":31}},"loc":{"start":{"line":62,"column":6},"end":{"line":66,"column":8}},"line":62},"2":{"name":"(anonymous_2)","decl":{"start":{"line":62,"column":18},"end":{"line":62,"column":19}},"loc":{"start":{"line":62,"column":31},"end":{"line":66,"column":7}},"line":62},"3":{"name":"(anonymous_3)","decl":{"start":{"line":69,"column":29},"end":{"line":69,"column":30}},"loc":{"start":{"line":69,"column":35},"end":{"line":74,"column":5}},"line":69},"4":{"name":"(anonymous_4)","decl":{"start":{"line":70,"column":45},"end":{"line":70,"column":46}},"loc":{"start":{"line":70,"column":51},"end":{"line":72,"column":7}},"line":70}},"branchMap":{"0":{"loc":{"start":{"line":2,"column":0},"end":{"line":10,"column":1}},"type":"if","locations":[{"start":{"line":2,"column":0},"end":{"line":10,"column":1}},{"start":{"line":2,"column":0},"end":{"line":10,"column":1}}],"line":2},"1":{"loc":{"start":{"line":2,"column":4},"end":{"line":2,"column":72}},"type":"binary-expr","locations":[{"start":{"line":2,"column":4},"end":{"line":2,"column":41}},{"start":{"line":2,"column":45},"end":{"line":2,"column":72}}],"line":2},"2":{"loc":{"start":{"line":16,"column":21},"end":{"line":16,"column":36}},"type":"default-arg","locations":[{"start":{"line":16,"column":34},"end":{"line":16,"column":36}}],"line":16},"3":{"loc":{"start":{"line":34,"column":4},"end":{"line":35,"column":84}},"type":"if","locations":[{"start":{"line":34,"column":4},"end":{"line":35,"column":84}},{"start":{"line":34,"column":4},"end":{"line":35,"column":84}}],"line":34},"4":{"loc":{"start":{"line":63,"column":8},"end":{"line":63,"column":78}},"type":"if","locations":[{"start":{"line":63,"column":8},"end":{"line":63,"column":78}},{"start":{"line":63,"column":8},"end":{"line":63,"column":78}}],"line":63},"5":{"loc":{"start":{"line":64,"column":8},"end":{"line":64,"column":94}},"type":"if","locations":[{"start":{"line":64,"column":8},"end":{"line":64,"column":94}},{"start":{"line":64,"column":8},"end":{"line":64,"column":94}}],"line":64}},"s":{"0":1,"1":1,"2":1,"3":0,"4":0,"5":1,"6":1,"7":1,"8":1,"9":1,"10":0,"11":1,"12":1,"13":1,"14":1,"15":1,"16":1,"17":1,"18":0,"19":0,"20":0,"21":0,"22":0,"23":0,"24":1,"25":0,"26":0,"27":0,"28":1,"29":0,"30":0,"31":1},"f":{"0":1,"1":0,"2":0,"3":0,"4":0},"b":{"0":[1,0],"1":[1,1],"2":[0],"3":[0,1],"4":[0,0],"5":[0,0]},"_coverageSchema":"1a1c01bbd47fc00a2c39e90264f33305004495a9","hash":"cd6797753842b8af44a9622db470cbb1f266b090"}
,"F:\\Projects\\confetch\\index.js": {"path":"F:\\Projects\\confetch\\index.js","statementMap":{"0":{"start":{"line":1,"column":20},"end":{"line":1,"column":45}},"1":{"start":{"line":2,"column":10},"end":{"line":2,"column":27}},"2":{"start":{"line":4,"column":15},"end":{"line":12,"column":1}},"3":{"start":{"line":14,"column":38},"end":{"line":14,"column":59}},"4":{"start":{"line":14,"column":45},"end":{"line":14,"column":58}},"5":{"start":{"line":16,"column":18},"end":{"line":22,"column":1}},"6":{"start":{"line":17,"column":2},"end":{"line":17,"column":40}},"7":{"start":{"line":18,"column":2},"end":{"line":18,"column":44}},"8":{"start":{"line":20,"column":2},"end":{"line":20,"column":96}},"9":{"start":{"line":21,"column":2},"end":{"line":21,"column":72}},"10":{"start":{"line":24,"column":23},"end":{"line":32,"column":1}},"11":{"start":{"line":25,"column":2},"end":{"line":31,"column":3}},"12":{"start":{"line":26,"column":4},"end":{"line":27,"column":118}},"13":{"start":{"line":27,"column":6},"end":{"line":27,"column":118}},"14":{"start":{"line":28,"column":4},"end":{"line":28,"column":47}},"15":{"start":{"line":30,"column":4},"end":{"line":30,"column":32}},"16":{"start":{"line":34,"column":17},"end":{"line":37,"column":1}},"17":{"start":{"line":35,"column":31},"end":{"line":35,"column":70}},"18":{"start":{"line":36,"column":2},"end":{"line":36,"column":42}},"19":{"start":{"line":39,"column":0},"end":{"line":44,"column":1}}},"fnMap":{"0":{"name":"(anonymous_0)","decl":{"start":{"line":14,"column":38},"end":{"line":14,"column":39}},"loc":{"start":{"line":14,"column":45},"end":{"line":14,"column":58}},"line":14},"1":{"name":"(anonymous_1)","decl":{"start":{"line":16,"column":18},"end":{"line":16,"column":19}},"loc":{"start":{"line":16,"column":68},"end":{"line":22,"column":1}},"line":16},"2":{"name":"(anonymous_2)","decl":{"start":{"line":24,"column":23},"end":{"line":24,"column":24}},"loc":{"start":{"line":24,"column":33},"end":{"line":32,"column":1}},"line":24},"3":{"name":"(anonymous_3)","decl":{"start":{"line":34,"column":17},"end":{"line":34,"column":18}},"loc":{"start":{"line":34,"column":27},"end":{"line":37,"column":1}},"line":34}},"branchMap":{"0":{"loc":{"start":{"line":17,"column":17},"end":{"line":17,"column":40}},"type":"binary-expr","locations":[{"start":{"line":17,"column":17},"end":{"line":17,"column":24}},{"start":{"line":17,"column":28},"end":{"line":17,"column":40}}],"line":17},"1":{"loc":{"start":{"line":18,"column":19},"end":{"line":18,"column":44}},"type":"binary-expr","locations":[{"start":{"line":18,"column":19},"end":{"line":18,"column":26}},{"start":{"line":18,"column":30},"end":{"line":18,"column":44}}],"line":18},"2":{"loc":{"start":{"line":20,"column":41},"end":{"line":20,"column":96}},"type":"binary-expr","locations":[{"start":{"line":20,"column":41},"end":{"line":20,"column":56}},{"start":{"line":20,"column":60},"end":{"line":20,"column":96}}],"line":20},"3":{"loc":{"start":{"line":21,"column":33},"end":{"line":21,"column":72}},"type":"binary-expr","locations":[{"start":{"line":21,"column":33},"end":{"line":21,"column":40}},{"start":{"line":21,"column":44},"end":{"line":21,"column":72}}],"line":21},"4":{"loc":{"start":{"line":26,"column":4},"end":{"line":27,"column":118}},"type":"if","locations":[{"start":{"line":26,"column":4},"end":{"line":27,"column":118}},{"start":{"line":26,"column":4},"end":{"line":27,"column":118}}],"line":26},"5":{"loc":{"start":{"line":28,"column":35},"end":{"line":28,"column":45}},"type":"binary-expr","locations":[{"start":{"line":28,"column":35},"end":{"line":28,"column":39}},{"start":{"line":28,"column":43},"end":{"line":28,"column":45}}],"line":28}},"s":{"0":1,"1":1,"2":1,"3":1,"4":2,"5":1,"6":3,"7":3,"8":3,"9":3,"10":1,"11":0,"12":0,"13":0,"14":0,"15":0,"16":1,"17":1,"18":1,"19":1},"f":{"0":2,"1":3,"2":0,"3":1},"b":{"0":[3,3],"1":[3,3],"2":[3,0],"3":[3,1],"4":[0,0],"5":[0,0]},"_coverageSchema":"1a1c01bbd47fc00a2c39e90264f33305004495a9","hash":"9b889639dcf725acc088c2d0e83951fa829679a5"}
}
