{"F:\\Projects\\confetch\\custom-fetch.js": {"path":"F:\\Projects\\confetch\\custom-fetch.js","statementMap":{"0":{"start":{"line":2,"column":0},"end":{"line":14,"column":1}},"1":{"start":{"line":3,"column":2},"end":{"line":11,"column":3}},"2":{"start":{"line":5,"column":4},"end":{"line":5,"column":43}},"3":{"start":{"line":6,"column":4},"end":{"line":6,"column":49}},"4":{"start":{"line":9,"column":4},"end":{"line":9,"column":28}},"5":{"start":{"line":10,"column":4},"end":{"line":10,"column":44}},"6":{"start":{"line":18,"column":0},"end":{"line":18,"column":53}},"7":{"start":{"line":18,"column":14},"end":{"line":18,"column":53}},"8":{"start":{"line":19,"column":0},"end":{"line":19,"column":67}},"9":{"start":{"line":19,"column":22},"end":{"line":19,"column":67}},"10":{"start":{"line":25,"column":20},"end":{"line":90,"column":1}},"11":{"start":{"line":26,"column":2},"end":{"line":89,"column":3}},"12":{"start":{"line":39,"column":8},"end":{"line":39,"column":18}},"13":{"start":{"line":40,"column":60},"end":{"line":40,"column":72}},"14":{"start":{"line":43,"column":4},"end":{"line":44,"column":84}},"15":{"start":{"line":44,"column":6},"end":{"line":44,"column":84}},"16":{"start":{"line":46,"column":25},"end":{"line":56,"column":5}},"17":{"start":{"line":59,"column":30},"end":{"line":59,"column":32}},"18":{"start":{"line":62,"column":4},"end":{"line":62,"column":56}},"19":{"start":{"line":63,"column":4},"end":{"line":63,"column":61}},"20":{"start":{"line":66,"column":4},"end":{"line":66,"column":62}},"21":{"start":{"line":69,"column":4},"end":{"line":69,"column":36}},"22":{"start":{"line":70,"column":4},"end":{"line":75,"column":8}},"23":{"start":{"line":71,"column":6},"end":{"line":75,"column":8}},"24":{"start":{"line":72,"column":8},"end":{"line":72,"column":78}},"25":{"start":{"line":72,"column":39},"end":{"line":72,"column":78}},"26":{"start":{"line":73,"column":8},"end":{"line":73,"column":94}},"27":{"start":{"line":73,"column":58},"end":{"line":73,"column":94}},"28":{"start":{"line":74,"column":8},"end":{"line":74,"column":60}},"29":{"start":{"line":78,"column":4},"end":{"line":83,"column":5}},"30":{"start":{"line":79,"column":6},"end":{"line":81,"column":25}},"31":{"start":{"line":80,"column":8},"end":{"line":80,"column":44}},"32":{"start":{"line":82,"column":6},"end":{"line":82,"column":52}},"33":{"start":{"line":85,"column":4},"end":{"line":85,"column":28}},"34":{"start":{"line":87,"column":4},"end":{"line":87,"column":32}},"35":{"start":{"line":88,"column":4},"end":{"line":88,"column":66}},"36":{"start":{"line":92,"column":0},"end":{"line":92,"column":28}}},"fnMap":{"0":{"name":"(anonymous_0)","decl":{"start":{"line":25,"column":20},"end":{"line":25,"column":21}},"loc":{"start":{"line":25,"column":41},"end":{"line":90,"column":1}},"line":25},"1":{"name":"(anonymous_1)","decl":{"start":{"line":70,"column":30},"end":{"line":70,"column":31}},"loc":{"start":{"line":71,"column":6},"end":{"line":75,"column":8}},"line":71},"2":{"name":"(anonymous_2)","decl":{"start":{"line":71,"column":18},"end":{"line":71,"column":19}},"loc":{"start":{"line":71,"column":31},"end":{"line":75,"column":7}},"line":71},"3":{"name":"(anonymous_3)","decl":{"start":{"line":78,"column":29},"end":{"line":78,"column":30}},"loc":{"start":{"line":78,"column":35},"end":{"line":83,"column":5}},"line":78},"4":{"name":"(anonymous_4)","decl":{"start":{"line":79,"column":45},"end":{"line":79,"column":46}},"loc":{"start":{"line":79,"column":51},"end":{"line":81,"column":7}},"line":79}},"branchMap":{"0":{"loc":{"start":{"line":3,"column":2},"end":{"line":11,"column":3}},"type":"if","locations":[{"start":{"line":3,"column":2},"end":{"line":11,"column":3}},{"start":{"line":3,"column":2},"end":{"line":11,"column":3}}],"line":3},"1":{"loc":{"start":{"line":3,"column":6},"end":{"line":3,"column":74}},"type":"binary-expr","locations":[{"start":{"line":3,"column":6},"end":{"line":3,"column":43}},{"start":{"line":3,"column":47},"end":{"line":3,"column":74}}],"line":3},"2":{"loc":{"start":{"line":18,"column":0},"end":{"line":18,"column":53}},"type":"if","locations":[{"start":{"line":18,"column":0},"end":{"line":18,"column":53}},{"start":{"line":18,"column":0},"end":{"line":18,"column":53}}],"line":18},"3":{"loc":{"start":{"line":19,"column":0},"end":{"line":19,"column":67}},"type":"if","locations":[{"start":{"line":19,"column":0},"end":{"line":19,"column":67}},{"start":{"line":19,"column":0},"end":{"line":19,"column":67}}],"line":19},"4":{"loc":{"start":{"line":25,"column":21},"end":{"line":25,"column":36}},"type":"default-arg","locations":[{"start":{"line":25,"column":34},"end":{"line":25,"column":36}}],"line":25},"5":{"loc":{"start":{"line":43,"column":4},"end":{"line":44,"column":84}},"type":"if","locations":[{"start":{"line":43,"column":4},"end":{"line":44,"column":84}},{"start":{"line":43,"column":4},"end":{"line":44,"column":84}}],"line":43},"6":{"loc":{"start":{"line":72,"column":8},"end":{"line":72,"column":78}},"type":"if","locations":[{"start":{"line":72,"column":8},"end":{"line":72,"column":78}},{"start":{"line":72,"column":8},"end":{"line":72,"column":78}}],"line":72},"7":{"loc":{"start":{"line":73,"column":8},"end":{"line":73,"column":94}},"type":"if","locations":[{"start":{"line":73,"column":8},"end":{"line":73,"column":94}},{"start":{"line":73,"column":8},"end":{"line":73,"column":94}}],"line":73}},"s":{"0":1,"1":1,"2":1,"3":1,"4":0,"5":0,"6":1,"7":0,"8":1,"9":0,"10":1,"11":1,"12":1,"13":1,"14":1,"15":0,"16":1,"17":1,"18":1,"19":1,"20":1,"21":1,"22":1,"23":0,"24":0,"25":0,"26":0,"27":0,"28":0,"29":1,"30":0,"31":0,"32":0,"33":1,"34":0,"35":0,"36":1},"f":{"0":1,"1":0,"2":0,"3":0,"4":0},"b":{"0":[1,0],"1":[1,1],"2":[0,1],"3":[0,1],"4":[0],"5":[0,1],"6":[0,0],"7":[0,0]},"_coverageSchema":"1a1c01bbd47fc00a2c39e90264f33305004495a9","hash":"e6bad674f0d658ecd52829d8f166ff6498fb0676"}
,"F:\\Projects\\confetch\\index.js": {"path":"F:\\Projects\\confetch\\index.js","statementMap":{"0":{"start":{"line":1,"column":20},"end":{"line":1,"column":45}},"1":{"start":{"line":2,"column":10},"end":{"line":2,"column":27}},"2":{"start":{"line":4,"column":15},"end":{"line":12,"column":1}},"3":{"start":{"line":14,"column":38},"end":{"line":14,"column":59}},"4":{"start":{"line":14,"column":45},"end":{"line":14,"column":58}},"5":{"start":{"line":16,"column":18},"end":{"line":22,"column":1}},"6":{"start":{"line":17,"column":2},"end":{"line":17,"column":40}},"7":{"start":{"line":18,"column":2},"end":{"line":18,"column":44}},"8":{"start":{"line":20,"column":2},"end":{"line":20,"column":96}},"9":{"start":{"line":21,"column":2},"end":{"line":21,"column":72}},"10":{"start":{"line":24,"column":23},"end":{"line":28,"column":1}},"11":{"start":{"line":25,"column":2},"end":{"line":26,"column":116}},"12":{"start":{"line":26,"column":4},"end":{"line":26,"column":116}},"13":{"start":{"line":27,"column":2},"end":{"line":27,"column":41}},"14":{"start":{"line":30,"column":17},"end":{"line":33,"column":1}},"15":{"start":{"line":31,"column":31},"end":{"line":31,"column":70}},"16":{"start":{"line":32,"column":2},"end":{"line":32,"column":42}},"17":{"start":{"line":35,"column":0},"end":{"line":40,"column":1}}},"fnMap":{"0":{"name":"(anonymous_0)","decl":{"start":{"line":14,"column":38},"end":{"line":14,"column":39}},"loc":{"start":{"line":14,"column":45},"end":{"line":14,"column":58}},"line":14},"1":{"name":"(anonymous_1)","decl":{"start":{"line":16,"column":18},"end":{"line":16,"column":19}},"loc":{"start":{"line":16,"column":68},"end":{"line":22,"column":1}},"line":16},"2":{"name":"(anonymous_2)","decl":{"start":{"line":24,"column":23},"end":{"line":24,"column":24}},"loc":{"start":{"line":24,"column":33},"end":{"line":28,"column":1}},"line":24},"3":{"name":"(anonymous_3)","decl":{"start":{"line":30,"column":17},"end":{"line":30,"column":18}},"loc":{"start":{"line":30,"column":27},"end":{"line":33,"column":1}},"line":30}},"branchMap":{"0":{"loc":{"start":{"line":17,"column":17},"end":{"line":17,"column":40}},"type":"binary-expr","locations":[{"start":{"line":17,"column":17},"end":{"line":17,"column":24}},{"start":{"line":17,"column":28},"end":{"line":17,"column":40}}],"line":17},"1":{"loc":{"start":{"line":18,"column":19},"end":{"line":18,"column":44}},"type":"binary-expr","locations":[{"start":{"line":18,"column":19},"end":{"line":18,"column":26}},{"start":{"line":18,"column":30},"end":{"line":18,"column":44}}],"line":18},"2":{"loc":{"start":{"line":20,"column":41},"end":{"line":20,"column":96}},"type":"binary-expr","locations":[{"start":{"line":20,"column":41},"end":{"line":20,"column":56}},{"start":{"line":20,"column":60},"end":{"line":20,"column":96}}],"line":20},"3":{"loc":{"start":{"line":21,"column":33},"end":{"line":21,"column":72}},"type":"binary-expr","locations":[{"start":{"line":21,"column":33},"end":{"line":21,"column":40}},{"start":{"line":21,"column":44},"end":{"line":21,"column":72}}],"line":21},"4":{"loc":{"start":{"line":25,"column":2},"end":{"line":26,"column":116}},"type":"if","locations":[{"start":{"line":25,"column":2},"end":{"line":26,"column":116}},{"start":{"line":25,"column":2},"end":{"line":26,"column":116}}],"line":25},"5":{"loc":{"start":{"line":27,"column":29},"end":{"line":27,"column":39}},"type":"binary-expr","locations":[{"start":{"line":27,"column":29},"end":{"line":27,"column":33}},{"start":{"line":27,"column":37},"end":{"line":27,"column":39}}],"line":27}},"s":{"0":1,"1":1,"2":1,"3":1,"4":4,"5":1,"6":4,"7":4,"8":4,"9":4,"10":1,"11":4,"12":1,"13":3,"14":1,"15":1,"16":1,"17":1},"f":{"0":4,"1":4,"2":4,"3":1},"b":{"0":[4,4],"1":[4,3],"2":[4,0],"3":[4,2],"4":[1,3],"5":[3,0]},"_coverageSchema":"1a1c01bbd47fc00a2c39e90264f33305004495a9","hash":"ad53a632eaf5147f333c8053b8dd48acedf2be35"}
}
