TN:
SF:custom-fetch.js
FN:25,(anonymous_0)
FN:70,(anonymous_1)
FN:71,(anonymous_2)
FN:78,(anonymous_3)
FN:79,(anonymous_4)
FNF:5
FNH:1
FNDA:1,(anonymous_0)
FNDA:0,(anonymous_1)
FNDA:0,(anonymous_2)
FNDA:0,(anonymous_3)
FNDA:0,(anonymous_4)
DA:2,1
DA:3,1
DA:5,1
DA:6,1
DA:9,0
DA:10,0
DA:18,1
DA:19,1
DA:25,1
DA:26,1
DA:39,1
DA:40,1
DA:43,1
DA:44,0
DA:46,1
DA:59,1
DA:62,1
DA:63,1
DA:66,1
DA:69,1
DA:70,1
DA:71,0
DA:72,0
DA:73,0
DA:74,0
DA:78,1
DA:79,0
DA:80,0
DA:82,0
DA:85,1
DA:87,0
DA:88,0
DA:92,1
LF:33
LH:21
BRDA:3,0,0,1
BRDA:3,0,1,0
BRDA:3,1,0,1
BRDA:3,1,1,1
BRDA:18,2,0,0
BRDA:18,2,1,1
BRDA:19,3,0,0
BRDA:19,3,1,1
BRDA:25,4,0,0
BRDA:43,5,0,0
BRDA:43,5,1,1
BRDA:72,6,0,0
BRDA:72,6,1,0
BRDA:73,7,0,0
BRDA:73,7,1,0
BRF:15
BRH:6
end_of_record
TN:
SF:index.js
FN:14,(anonymous_0)
FN:16,(anonymous_1)
FN:24,(anonymous_2)
FN:30,(anonymous_3)
FNF:4
FNH:4
FNDA:4,(anonymous_0)
FNDA:4,(anonymous_1)
FNDA:4,(anonymous_2)
FNDA:1,(anonymous_3)
DA:1,1
DA:2,1
DA:4,1
DA:14,4
DA:16,1
DA:17,4
DA:18,4
DA:20,4
DA:21,4
DA:24,1
DA:25,4
DA:26,1
DA:27,3
DA:30,1
DA:31,1
DA:32,1
DA:35,1
LF:17
LH:17
BRDA:17,0,0,4
BRDA:17,0,1,4
BRDA:18,1,0,4
BRDA:18,1,1,3
BRDA:20,2,0,4
BRDA:20,2,1,0
BRDA:21,3,0,4
BRDA:21,3,1,2
BRDA:25,4,0,1
BRDA:25,4,1,3
BRDA:27,5,0,3
BRDA:27,5,1,0
BRF:12
BRH:10
end_of_record
