TN:
SF:custom-fetch.js
FN:16,(anonymous_0)
FN:61,(anonymous_1)
FN:62,(anonymous_2)
FN:69,(anonymous_3)
FN:70,(anonymous_4)
FNF:5
FNH:1
FNDA:1,(anonymous_0)
FNDA:0,(anonymous_1)
FNDA:0,(anonymous_2)
FNDA:0,(anonymous_3)
FNDA:0,(anonymous_4)
DA:2,1
DA:4,1
DA:5,1
DA:8,0
DA:9,0
DA:16,1
DA:17,1
DA:30,1
DA:31,1
DA:34,1
DA:35,0
DA:37,1
DA:50,1
DA:53,1
DA:54,1
DA:57,1
DA:60,1
DA:61,1
DA:62,0
DA:63,0
DA:64,0
DA:65,0
DA:69,1
DA:70,0
DA:71,0
DA:73,0
DA:76,1
DA:78,0
DA:79,0
DA:83,1
LF:30
LH:18
BRDA:2,0,0,1
BRDA:2,0,1,0
BRDA:2,1,0,1
BRDA:2,1,1,1
BRDA:16,2,0,0
BRDA:34,3,0,0
BRDA:34,3,1,1
BRDA:63,4,0,0
BRDA:63,4,1,0
BRDA:64,5,0,0
BRDA:64,5,1,0
BRF:11
BRH:4
end_of_record
TN:
SF:index.js
FN:14,(anonymous_0)
FN:16,(anonymous_1)
FN:24,(anonymous_2)
FN:34,(anonymous_3)
FNF:4
FNH:3
FNDA:2,(anonymous_0)
FNDA:3,(anonymous_1)
FNDA:0,(anonymous_2)
FNDA:1,(anonymous_3)
DA:1,1
DA:2,1
DA:4,1
DA:14,2
DA:16,1
DA:17,3
DA:18,3
DA:20,3
DA:21,3
DA:24,1
DA:25,0
DA:26,0
DA:27,0
DA:28,0
DA:30,0
DA:34,1
DA:35,1
DA:36,1
DA:39,1
LF:19
LH:14
BRDA:17,0,0,3
BRDA:17,0,1,3
BRDA:18,1,0,3
BRDA:18,1,1,3
BRDA:20,2,0,3
BRDA:20,2,1,0
BRDA:21,3,0,3
BRDA:21,3,1,1
BRDA:26,4,0,0
BRDA:26,4,1,0
BRDA:28,5,0,0
BRDA:28,5,1,0
BRF:12
BRH:7
end_of_record
